app/build/intermediates/manifest_merge_blame_file/release/manifest-merger-blame-release-report.txt
1<?xml version="1.0" encoding="utf-8"?>
2<manifest xmlns:android="http://schemas.android.com/apk/res/android"
3    package="com.ngbautoroad"
4    android:versionCode="47"
5    android:versionName="4.2.2" >
6
7    <uses-sdk
8        android:minSdkVersion="26"
9        android:targetSdkVersion="34" />
10
11    <!-- Permissions -->
12    <uses-permission android:name="android.permission.SYSTEM_ALERT_WINDOW" />
12-->src/main/AndroidManifest.xml:6:5-78
12-->src/main/AndroidManifest.xml:6:22-75
13    <uses-permission android:name="android.permission.FOREGROUND_SERVICE" />
13-->src/main/AndroidManifest.xml:7:5-77
13-->src/main/AndroidManifest.xml:7:22-74
14    <uses-permission android:name="android.permission.FOREGROUND_SERVICE_MEDIA_PROJECTION" />
14-->src/main/AndroidManifest.xml:8:5-94
14-->src/main/AndroidManifest.xml:8:22-91
15    <uses-permission android:name="android.permission.FOREGROUND_SERVICE_SPECIAL_USE" />
15-->src/main/AndroidManifest.xml:9:5-89
15-->src/main/AndroidManifest.xml:9:22-86
16    <uses-permission android:name="android.permission.POST_NOTIFICATIONS" />
16-->src/main/AndroidManifest.xml:10:5-77
16-->src/main/AndroidManifest.xml:10:22-74
17    <uses-permission android:name="android.permission.INTERNET" />
17-->src/main/AndroidManifest.xml:11:5-67
17-->src/main/AndroidManifest.xml:11:22-64
18    <uses-permission android:name="android.permission.ACCESS_NETWORK_STATE" />
18-->src/main/AndroidManifest.xml:12:5-79
18-->src/main/AndroidManifest.xml:12:22-76
19    <uses-permission android:name="android.permission.ACCESS_FINE_LOCATION" />
19-->src/main/AndroidManifest.xml:13:5-79
19-->src/main/AndroidManifest.xml:13:22-76
20    <uses-permission android:name="android.permission.ACCESS_COARSE_LOCATION" />
20-->src/main/AndroidManifest.xml:14:5-81
20-->src/main/AndroidManifest.xml:14:22-78
21    <uses-permission
21-->src/main/AndroidManifest.xml:15:5-16:38
22        android:name="android.permission.WRITE_EXTERNAL_STORAGE"
22-->src/main/AndroidManifest.xml:15:22-78
23        android:maxSdkVersion="28" />
23-->src/main/AndroidManifest.xml:16:9-35
24    <uses-permission
24-->src/main/AndroidManifest.xml:17:5-18:38
25        android:name="android.permission.READ_EXTERNAL_STORAGE"
25-->src/main/AndroidManifest.xml:17:22-77
26        android:maxSdkVersion="28" />
26-->src/main/AndroidManifest.xml:18:9-35
27    <uses-permission android:name="android.permission.REQUEST_IGNORE_BATTERY_OPTIMIZATIONS" />
27-->src/main/AndroidManifest.xml:19:5-95
27-->src/main/AndroidManifest.xml:19:22-92
28
29    <permission
29-->[androidx.core:core:1.12.0] AndroidManifest.xml:22:5-24:47
30        android:name="com.ngbautoroad.DYNAMIC_RECEIVER_NOT_EXPORTED_PERMISSION"
30-->[androidx.core:core:1.12.0] AndroidManifest.xml:23:9-81
31        android:protectionLevel="signature" />
31-->[androidx.core:core:1.12.0] AndroidManifest.xml:24:9-44
32
33    <uses-permission android:name="com.ngbautoroad.DYNAMIC_RECEIVER_NOT_EXPORTED_PERMISSION" />
33-->[androidx.core:core:1.12.0] AndroidManifest.xml:26:5-97
33-->[androidx.core:core:1.12.0] AndroidManifest.xml:26:22-94
34
35    <supports-screens
35-->[org.osmdroid:osmdroid-android:6.1.18] AndroidManifest.xml:9:5-12:40
36        android:anyDensity="true"
36-->[org.osmdroid:osmdroid-android:6.1.18] AndroidManifest.xml:10:9-34
37        android:largeScreens="true"
37-->[org.osmdroid:osmdroid-android:6.1.18] AndroidManifest.xml:11:9-36
38        android:normalScreens="true" />
38-->[org.osmdroid:osmdroid-android:6.1.18] AndroidManifest.xml:12:9-37
39
40    <uses-feature
40-->[org.osmdroid:osmdroid-android:6.1.18] AndroidManifest.xml:14:5-16:36
41        android:name="android.hardware.location.network"
41-->[org.osmdroid:osmdroid-android:6.1.18] AndroidManifest.xml:15:9-57
42        android:required="false" />
42-->[org.osmdroid:osmdroid-android:6.1.18] AndroidManifest.xml:16:9-33
43    <uses-feature
43-->[org.osmdroid:osmdroid-android:6.1.18] AndroidManifest.xml:17:5-19:36
44        android:name="android.hardware.location.gps"
44-->[org.osmdroid:osmdroid-android:6.1.18] AndroidManifest.xml:18:9-53
45        android:required="false" />
45-->[org.osmdroid:osmdroid-android:6.1.18] AndroidManifest.xml:19:9-33
46    <uses-feature
46-->[org.osmdroid:osmdroid-android:6.1.18] AndroidManifest.xml:20:5-22:36
47        android:name="android.hardware.telephony"
47-->[org.osmdroid:osmdroid-android:6.1.18] AndroidManifest.xml:21:9-50
48        android:required="false" />
48-->[org.osmdroid:osmdroid-android:6.1.18] AndroidManifest.xml:22:9-33
49    <uses-feature
49-->[org.osmdroid:osmdroid-android:6.1.18] AndroidManifest.xml:23:5-25:36
50        android:name="android.hardware.wifi"
50-->[org.osmdroid:osmdroid-android:6.1.18] AndroidManifest.xml:24:9-45
51        android:required="false" />
51-->[org.osmdroid:osmdroid-android:6.1.18] AndroidManifest.xml:25:9-33
52
53    <application
53-->src/main/AndroidManifest.xml:21:5-103:19
54        android:name="com.ngbautoroad.NGBAutoRoadApp"
54-->src/main/AndroidManifest.xml:22:9-39
55        android:allowBackup="true"
55-->src/main/AndroidManifest.xml:23:9-35
56        android:appComponentFactory="androidx.core.app.CoreComponentFactory"
56-->[androidx.core:core:1.12.0] AndroidManifest.xml:28:18-86
57        android:extractNativeLibs="false"
58        android:icon="@mipmap/ic_launcher"
58-->src/main/AndroidManifest.xml:24:9-43
59        android:label="@string/app_name"
59-->src/main/AndroidManifest.xml:25:9-41
60        android:roundIcon="@mipmap/ic_launcher_round"
60-->src/main/AndroidManifest.xml:26:9-54
61        android:supportsRtl="true"
61-->src/main/AndroidManifest.xml:27:9-35
62        android:theme="@style/Theme.NGBAutoRoad" >
62-->src/main/AndroidManifest.xml:28:9-49
63
64        <!-- Main Activity -->
65        <activity
65-->src/main/AndroidManifest.xml:32:9-40:20
66            android:name="com.ngbautoroad.ui.MainActivity"
66-->src/main/AndroidManifest.xml:33:13-44
67            android:exported="true"
67-->src/main/AndroidManifest.xml:34:13-36
68            android:theme="@style/Theme.NGBAutoRoad" >
68-->src/main/AndroidManifest.xml:35:13-53
69            <intent-filter>
69-->src/main/AndroidManifest.xml:36:13-39:29
70                <action android:name="android.intent.action.MAIN" />
70-->src/main/AndroidManifest.xml:37:17-69
70-->src/main/AndroidManifest.xml:37:25-66
71
72                <category android:name="android.intent.category.LAUNCHER" />
72-->src/main/AndroidManifest.xml:38:17-77
72-->src/main/AndroidManifest.xml:38:27-74
73            </intent-filter>
74        </activity>
75
76        <!-- Card Gallery Activity -->
77        <activity
77-->src/main/AndroidManifest.xml:43:9-46:56
78            android:name="com.ngbautoroad.ui.gallery.CardGalleryActivity"
78-->src/main/AndroidManifest.xml:44:13-59
79            android:exported="false"
79-->src/main/AndroidManifest.xml:45:13-37
80            android:theme="@style/Theme.NGBAutoRoad" />
80-->src/main/AndroidManifest.xml:46:13-53
81
82        <!-- Card Editor Activity (Custom Card 3) -->
83        <activity
83-->src/main/AndroidManifest.xml:49:9-52:56
84            android:name="com.ngbautoroad.ui.editor.CardEditorActivity"
84-->src/main/AndroidManifest.xml:50:13-57
85            android:exported="false"
85-->src/main/AndroidManifest.xml:51:13-37
86            android:theme="@style/Theme.NGBAutoRoad" />
86-->src/main/AndroidManifest.xml:52:13-53
87
88        <!-- Admin Activity (oculta) -->
89        <activity
89-->src/main/AndroidManifest.xml:55:9-58:56
90            android:name="com.ngbautoroad.ui.admin.AdminActivity"
90-->src/main/AndroidManifest.xml:56:13-51
91            android:exported="false"
91-->src/main/AndroidManifest.xml:57:13-37
92            android:theme="@style/Theme.NGBAutoRoad" />
92-->src/main/AndroidManifest.xml:58:13-53
93
94        <!-- Finance Activity -->
95        <activity
95-->src/main/AndroidManifest.xml:61:9-64:56
96            android:name="com.ngbautoroad.ui.finance.FinanceActivity"
96-->src/main/AndroidManifest.xml:62:13-55
97            android:exported="false"
97-->src/main/AndroidManifest.xml:63:13-37
98            android:theme="@style/Theme.NGBAutoRoad" />
98-->src/main/AndroidManifest.xml:64:13-53
99
100        <!-- Zone Map Activity -->
101        <activity
101-->src/main/AndroidManifest.xml:67:9-70:56
102            android:name="com.ngbautoroad.ui.map.ZoneMapActivity"
102-->src/main/AndroidManifest.xml:68:13-51
103            android:exported="false"
103-->src/main/AndroidManifest.xml:69:13-37
104            android:theme="@style/Theme.NGBAutoRoad" />
104-->src/main/AndroidManifest.xml:70:13-53
105
106        <!-- Overlay Service -->
107        <service
107-->src/main/AndroidManifest.xml:73:9-76:58
108            android:name="com.ngbautoroad.service.OverlayService"
108-->src/main/AndroidManifest.xml:74:13-51
109            android:exported="false"
109-->src/main/AndroidManifest.xml:75:13-37
110            android:foregroundServiceType="specialUse" />
110-->src/main/AndroidManifest.xml:76:13-55
111
112        <!-- OCR Capture Service -->
113        <service
113-->src/main/AndroidManifest.xml:79:9-82:63
114            android:name="com.ngbautoroad.service.OcrCaptureService"
114-->src/main/AndroidManifest.xml:80:13-54
115            android:exported="false"
115-->src/main/AndroidManifest.xml:81:13-37
116            android:foregroundServiceType="mediaProjection" />
116-->src/main/AndroidManifest.xml:82:13-60
117
118        <!-- Bubble Service (botão flutuante lateral) -->
119        <service
119-->src/main/AndroidManifest.xml:85:9-88:58
120            android:name="com.ngbautoroad.service.BubbleService"
120-->src/main/AndroidManifest.xml:86:13-50
121            android:exported="false"
121-->src/main/AndroidManifest.xml:87:13-37
122            android:foregroundServiceType="specialUse" />
122-->src/main/AndroidManifest.xml:88:13-55
123
124        <!-- Accessibility Service -->
125        <service
125-->src/main/AndroidManifest.xml:91:9-101:19
126            android:name="com.ngbautoroad.service.RideAccessibilityService"
126-->src/main/AndroidManifest.xml:92:13-61
127            android:exported="true"
127-->src/main/AndroidManifest.xml:93:13-36
128            android:permission="android.permission.BIND_ACCESSIBILITY_SERVICE" >
128-->src/main/AndroidManifest.xml:94:13-79
129            <intent-filter>
129-->src/main/AndroidManifest.xml:95:13-97:29
130                <action android:name="android.accessibilityservice.AccessibilityService" />
130-->src/main/AndroidManifest.xml:96:17-92
130-->src/main/AndroidManifest.xml:96:25-89
131            </intent-filter>
132
133            <meta-data
133-->src/main/AndroidManifest.xml:98:13-100:72
134                android:name="android.accessibilityservice"
134-->src/main/AndroidManifest.xml:99:17-60
135                android:resource="@xml/accessibility_service_config" />
135-->src/main/AndroidManifest.xml:100:17-69
136        </service>
137        <service
137-->[com.google.android.gms:play-services-mlkit-text-recognition-common:19.0.0] AndroidManifest.xml:9:9-15:19
138            android:name="com.google.mlkit.common.internal.MlKitComponentDiscoveryService"
138-->[com.google.android.gms:play-services-mlkit-text-recognition-common:19.0.0] AndroidManifest.xml:10:13-91
139            android:directBootAware="true"
139-->[com.google.mlkit:common:18.8.0] AndroidManifest.xml:17:13-43
140            android:exported="false" >
140-->[com.google.android.gms:play-services-mlkit-text-recognition-common:19.0.0] AndroidManifest.xml:11:13-37
141            <meta-data
141-->[com.google.android.gms:play-services-mlkit-text-recognition-common:19.0.0] AndroidManifest.xml:12:13-14:85
142                android:name="com.google.firebase.components:com.google.mlkit.vision.text.internal.TextRegistrar"
142-->[com.google.android.gms:play-services-mlkit-text-recognition-common:19.0.0] AndroidManifest.xml:13:17-114
143                android:value="com.google.firebase.components.ComponentRegistrar" />
143-->[com.google.android.gms:play-services-mlkit-text-recognition-common:19.0.0] AndroidManifest.xml:14:17-82
144            <meta-data
144-->[com.google.mlkit:vision-common:17.3.0] AndroidManifest.xml:12:13-14:85
145                android:name="com.google.firebase.components:com.google.mlkit.vision.common.internal.VisionCommonRegistrar"
145-->[com.google.mlkit:vision-common:17.3.0] AndroidManifest.xml:13:17-124
146                android:value="com.google.firebase.components.ComponentRegistrar" />
146-->[com.google.mlkit:vision-common:17.3.0] AndroidManifest.xml:14:17-82
147            <meta-data
147-->[com.google.mlkit:common:18.8.0] AndroidManifest.xml:20:13-22:85
148                android:name="com.google.firebase.components:com.google.mlkit.common.internal.CommonComponentRegistrar"
148-->[com.google.mlkit:common:18.8.0] AndroidManifest.xml:21:17-120
149                android:value="com.google.firebase.components.ComponentRegistrar" />
149-->[com.google.mlkit:common:18.8.0] AndroidManifest.xml:22:17-82
150        </service>
151
152        <provider
152-->[com.google.mlkit:common:18.8.0] AndroidManifest.xml:9:9-13:38
153            android:name="com.google.mlkit.common.internal.MlKitInitProvider"
153-->[com.google.mlkit:common:18.8.0] AndroidManifest.xml:10:13-78
154            android:authorities="com.ngbautoroad.mlkitinitprovider"
154-->[com.google.mlkit:common:18.8.0] AndroidManifest.xml:11:13-69
155            android:exported="false"
155-->[com.google.mlkit:common:18.8.0] AndroidManifest.xml:12:13-37
156            android:initOrder="99" />
156-->[com.google.mlkit:common:18.8.0] AndroidManifest.xml:13:13-35
157
158        <activity
158-->[com.google.android.gms:play-services-base:18.1.0] AndroidManifest.xml:20:9-22:45
159            android:name="com.google.android.gms.common.api.GoogleApiActivity"
159-->[com.google.android.gms:play-services-base:18.1.0] AndroidManifest.xml:20:19-85
160            android:exported="false"
160-->[com.google.android.gms:play-services-base:18.1.0] AndroidManifest.xml:22:19-43
161            android:theme="@android:style/Theme.Translucent.NoTitleBar" />
161-->[com.google.android.gms:play-services-base:18.1.0] AndroidManifest.xml:21:19-78
162
163        <meta-data
163-->[com.google.android.gms:play-services-basement:18.1.0] AndroidManifest.xml:21:9-23:69
164            android:name="com.google.android.gms.version"
164-->[com.google.android.gms:play-services-basement:18.1.0] AndroidManifest.xml:22:13-58
165            android:value="@integer/google_play_services_version" />
165-->[com.google.android.gms:play-services-basement:18.1.0] AndroidManifest.xml:23:13-66
166
167        <provider
167-->[androidx.emoji2:emoji2:1.3.0] AndroidManifest.xml:24:9-32:20
168            android:name="androidx.startup.InitializationProvider"
168-->[androidx.emoji2:emoji2:1.3.0] AndroidManifest.xml:25:13-67
169            android:authorities="com.ngbautoroad.androidx-startup"
169-->[androidx.emoji2:emoji2:1.3.0] AndroidManifest.xml:26:13-68
170            android:exported="false" >
170-->[androidx.emoji2:emoji2:1.3.0] AndroidManifest.xml:27:13-37
171            <meta-data
171-->[androidx.emoji2:emoji2:1.3.0] AndroidManifest.xml:29:13-31:52
172                android:name="androidx.emoji2.text.EmojiCompatInitializer"
172-->[androidx.emoji2:emoji2:1.3.0] AndroidManifest.xml:30:17-75
173                android:value="androidx.startup" />
173-->[androidx.emoji2:emoji2:1.3.0] AndroidManifest.xml:31:17-49
174            <meta-data
174-->[androidx.lifecycle:lifecycle-process:2.7.0] AndroidManifest.xml:29:13-31:52
175                android:name="androidx.lifecycle.ProcessLifecycleInitializer"
175-->[androidx.lifecycle:lifecycle-process:2.7.0] AndroidManifest.xml:30:17-78
176                android:value="androidx.startup" />
176-->[androidx.lifecycle:lifecycle-process:2.7.0] AndroidManifest.xml:31:17-49
177            <meta-data
177-->[androidx.profileinstaller:profileinstaller:1.3.0] AndroidManifest.xml:29:13-31:52
178                android:name="androidx.profileinstaller.ProfileInstallerInitializer"
178-->[androidx.profileinstaller:profileinstaller:1.3.0] AndroidManifest.xml:30:17-85
179                android:value="androidx.startup" />
179-->[androidx.profileinstaller:profileinstaller:1.3.0] AndroidManifest.xml:31:17-49
180        </provider>
181
182        <service
182-->[androidx.room:room-runtime:2.6.1] AndroidManifest.xml:24:9-28:63
183            android:name="androidx.room.MultiInstanceInvalidationService"
183-->[androidx.room:room-runtime:2.6.1] AndroidManifest.xml:25:13-74
184            android:directBootAware="true"
184-->[androidx.room:room-runtime:2.6.1] AndroidManifest.xml:26:13-43
185            android:exported="false" />
185-->[androidx.room:room-runtime:2.6.1] AndroidManifest.xml:27:13-37
186
187        <receiver
187-->[androidx.profileinstaller:profileinstaller:1.3.0] AndroidManifest.xml:34:9-52:20
188            android:name="androidx.profileinstaller.ProfileInstallReceiver"
188-->[androidx.profileinstaller:profileinstaller:1.3.0] AndroidManifest.xml:35:13-76
189            android:directBootAware="false"
189-->[androidx.profileinstaller:profileinstaller:1.3.0] AndroidManifest.xml:36:13-44
190            android:enabled="true"
190-->[androidx.profileinstaller:profileinstaller:1.3.0] AndroidManifest.xml:37:13-35
191            android:exported="true"
191-->[androidx.profileinstaller:profileinstaller:1.3.0] AndroidManifest.xml:38:13-36
192            android:permission="android.permission.DUMP" >
192-->[androidx.profileinstaller:profileinstaller:1.3.0] AndroidManifest.xml:39:13-57
193            <intent-filter>
193-->[androidx.profileinstaller:profileinstaller:1.3.0] AndroidManifest.xml:40:13-42:29
194                <action android:name="androidx.profileinstaller.action.INSTALL_PROFILE" />
194-->[androidx.profileinstaller:profileinstaller:1.3.0] AndroidManifest.xml:41:17-91
194-->[androidx.profileinstaller:profileinstaller:1.3.0] AndroidManifest.xml:41:25-88
195            </intent-filter>
196            <intent-filter>
196-->[androidx.profileinstaller:profileinstaller:1.3.0] AndroidManifest.xml:43:13-45:29
197                <action android:name="androidx.profileinstaller.action.SKIP_FILE" />
197-->[androidx.profileinstaller:profileinstaller:1.3.0] AndroidManifest.xml:44:17-85
197-->[androidx.profileinstaller:profileinstaller:1.3.0] AndroidManifest.xml:44:25-82
198            </intent-filter>
199            <intent-filter>
199-->[androidx.profileinstaller:profileinstaller:1.3.0] AndroidManifest.xml:46:13-48:29
200                <action android:name="androidx.profileinstaller.action.SAVE_PROFILE" />
200-->[androidx.profileinstaller:profileinstaller:1.3.0] AndroidManifest.xml:47:17-88
200-->[androidx.profileinstaller:profileinstaller:1.3.0] AndroidManifest.xml:47:25-85
201            </intent-filter>
202            <intent-filter>
202-->[androidx.profileinstaller:profileinstaller:1.3.0] AndroidManifest.xml:49:13-51:29
203                <action android:name="androidx.profileinstaller.action.BENCHMARK_OPERATION" />
203-->[androidx.profileinstaller:profileinstaller:1.3.0] AndroidManifest.xml:50:17-95
203-->[androidx.profileinstaller:profileinstaller:1.3.0] AndroidManifest.xml:50:25-92
204            </intent-filter>
205        </receiver>
206
207        <service
207-->[com.google.android.datatransport:transport-backend-cct:2.3.3] AndroidManifest.xml:29:9-35:19
208            android:name="com.google.android.datatransport.runtime.backends.TransportBackendDiscovery"
208-->[com.google.android.datatransport:transport-backend-cct:2.3.3] AndroidManifest.xml:30:13-103
209            android:exported="false" >
209-->[com.google.android.datatransport:transport-backend-cct:2.3.3] AndroidManifest.xml:31:13-37
210            <meta-data
210-->[com.google.android.datatransport:transport-backend-cct:2.3.3] AndroidManifest.xml:32:13-34:39
211                android:name="backend:com.google.android.datatransport.cct.CctBackendFactory"
211-->[com.google.android.datatransport:transport-backend-cct:2.3.3] AndroidManifest.xml:33:17-94
212                android:value="cct" />
212-->[com.google.android.datatransport:transport-backend-cct:2.3.3] AndroidManifest.xml:34:17-36
213        </service>
214        <service
214-->[com.google.android.datatransport:transport-runtime:2.2.6] AndroidManifest.xml:26:9-30:19
215            android:name="com.google.android.datatransport.runtime.scheduling.jobscheduling.JobInfoSchedulerService"
215-->[com.google.android.datatransport:transport-runtime:2.2.6] AndroidManifest.xml:27:13-117
216            android:exported="false"
216-->[com.google.android.datatransport:transport-runtime:2.2.6] AndroidManifest.xml:28:13-37
217            android:permission="android.permission.BIND_JOB_SERVICE" >
217-->[com.google.android.datatransport:transport-runtime:2.2.6] AndroidManifest.xml:29:13-69
218        </service>
219
220        <receiver
220-->[com.google.android.datatransport:transport-runtime:2.2.6] AndroidManifest.xml:32:9-34:40
221            android:name="com.google.android.datatransport.runtime.scheduling.jobscheduling.AlarmManagerSchedulerBroadcastReceiver"
221-->[com.google.android.datatransport:transport-runtime:2.2.6] AndroidManifest.xml:33:13-132
222            android:exported="false" />
222-->[com.google.android.datatransport:transport-runtime:2.2.6] AndroidManifest.xml:34:13-37
223    </application>
224
225</manifest>